<?xml version="1.0" encoding="UTF-8"?>
<testsuite xmlns:xsi="http://www.w3.org/2001/XMLSchema-instance" xsi:noNamespaceSchemaLocation="https://maven.apache.org/surefire/maven-surefire-plugin/xsd/surefire-test-report.xsd" name="org.baeldung.SpringContextIntegrationTest" time="1.011" tests="1" errors="1" skipped="0" failures="0">
  <properties>
    <property name="sun.desktop" value="gnome"/>
    <property name="awt.toolkit" value="sun.awt.X11.XToolkit"/>
    <property name="file.encoding.pkg" value="sun.io"/>
    <property name="java.specification.version" value="1.8"/>
    <property name="sun.cpu.isalist" value=""/>
    <property name="sun.jnu.encoding" value="UTF-8"/>
    <property name="java.class.path" value="/home/arsham/Desktop/dataflow/bealdung/tutorials-master/spring-cloud-data-flow/data-flow-server/target/test-classes:/home/arsham/Desktop/dataflow/bealdung/tutorials-master/spring-cloud-data-flow/data-flow-server/target/classes:/home/arsham/.m2/repository/org/springframework/cloud/spring-cloud-starter-dataflow-server-local/1.1.0.RELEASE/spring-cloud-starter-dataflow-server-local-1.1.0.RELEASE.jar:/home/arsham/.m2/repository/org/springframework/cloud/spring-cloud-deployer-local/1.1.1.RELEASE/spring-cloud-deployer-local-1.1.1.RELEASE.jar:/home/arsham/.m2/repository/org/springframework/cloud/spring-cloud-deployer-spi/1.1.1.RELEASE/spring-cloud-deployer-spi-1.1.1.RELEASE.jar:/home/arsham/.m2/repository/org/springframework/spring-core/5.1.4.RELEASE/spring-core-5.1.4.RELEASE.jar:/home/arsham/.m2/repository/org/springframework/spring-jcl/5.1.4.RELEASE/spring-jcl-5.1.4.RELEASE.jar:/home/arsham/.m2/repository/org/springframework/cloud/spring-cloud-deployer-resource-maven/1.1.1.RELEASE/spring-cloud-deployer-resource-maven-1.1.1.RELEASE.jar:/home/arsham/.m2/repository/org/eclipse/aether/aether-impl/1.0.2.v20150114/aether-impl-1.0.2.v20150114.jar:/home/arsham/.m2/repository/org/eclipse/aether/aether-api/1.0.2.v20150114/aether-api-1.0.2.v20150114.jar:/home/arsham/.m2/repository/org/eclipse/aether/aether-spi/1.0.2.v20150114/aether-spi-1.0.2.v20150114.jar:/home/arsham/.m2/repository/org/eclipse/aether/aether-util/1.0.2.v20150114/aether-util-1.0.2.v20150114.jar:/home/arsham/.m2/repository/org/eclipse/aether/aether-connector-basic/1.0.2.v20150114/aether-connector-basic-1.0.2.v20150114.jar:/home/arsham/.m2/repository/org/eclipse/aether/aether-transport-file/1.0.2.v20150114/aether-transport-file-1.0.2.v20150114.jar:/home/arsham/.m2/repository/org/eclipse/aether/aether-transport-http/1.0.2.v20150114/aether-transport-http-1.0.2.v20150114.jar:/home/arsham/.m2/repository/org/apache/httpcomponents/httpclient/4.5.6/httpclient-4.5.6.jar:/home/arsham/.m2/repository/org/apache/httpcomponents/httpcore/4.4.10/httpcore-4.4.10.jar:/home/arsham/.m2/repository/org/apache/maven/maven-aether-provider/3.1.0/maven-aether-provider-3.1.0.jar:/home/arsham/.m2/repository/org/apache/maven/maven-model/3.1.0/maven-model-3.1.0.jar:/home/arsham/.m2/repository/org/apache/maven/maven-model-builder/3.1.0/maven-model-builder-3.1.0.jar:/home/arsham/.m2/repository/org/codehaus/plexus/plexus-interpolation/1.16/plexus-interpolation-1.16.jar:/home/arsham/.m2/repository/org/apache/maven/maven-repository-metadata/3.1.0/maven-repository-metadata-3.1.0.jar:/home/arsham/.m2/repository/org/eclipse/sisu/org.eclipse.sisu.plexus/0.0.0.M2a/org.eclipse.sisu.plexus-0.0.0.M2a.jar:/home/arsham/.m2/repository/javax/enterprise/cdi-api/1.0/cdi-api-1.0.jar:/home/arsham/.m2/repository/javax/annotation/jsr250-api/1.0/jsr250-api-1.0.jar:/home/arsham/.m2/repository/javax/inject/javax.inject/1/javax.inject-1.jar:/home/arsham/.m2/repository/com/google/guava/guava/18.0/guava-18.0.jar:/home/arsham/.m2/repository/org/sonatype/sisu/sisu-guice/3.1.0/sisu-guice-3.1.0-no_aop.jar:/home/arsham/.m2/repository/aopalliance/aopalliance/1.0/aopalliance-1.0.jar:/home/arsham/.m2/repository/org/eclipse/sisu/org.eclipse.sisu.inject/0.0.0.M2a/org.eclipse.sisu.inject-0.0.0.M2a.jar:/home/arsham/.m2/repository/asm/asm/3.3.1/asm-3.3.1.jar:/home/arsham/.m2/repository/org/codehaus/plexus/plexus-classworlds/2.4/plexus-classworlds-2.4.jar:/home/arsham/.m2/repository/org/codehaus/plexus/plexus-component-annotations/1.5.5/plexus-component-annotations-1.5.5.jar:/home/arsham/.m2/repository/org/codehaus/plexus/plexus-utils/3.0.10/plexus-utils-3.0.10.jar:/home/arsham/.m2/repository/org/springframework/boot/spring-boot-starter/2.1.2.RELEASE/spring-boot-starter-2.1.2.RELEASE.jar:/home/arsham/.m2/repository/org/springframework/boot/spring-boot/2.1.2.RELEASE/spring-boot-2.1.2.RELEASE.jar:/home/arsham/.m2/repository/org/springframework/boot/spring-boot-autoconfigure/2.1.2.RELEASE/spring-boot-autoconfigure-2.1.2.RELEASE.jar:/home/arsham/.m2/repository/javax/annotation/javax.annotation-api/1.3.2/javax.annotation-api-1.3.2.jar:/home/arsham/.m2/repository/org/yaml/snakeyaml/1.23/snakeyaml-1.23.jar:/home/arsham/.m2/repository/org/springframework/spring-web/5.1.4.RELEASE/spring-web-5.1.4.RELEASE.jar:/home/arsham/.m2/repository/org/springframework/spring-beans/5.1.4.RELEASE/spring-beans-5.1.4.RELEASE.jar:/home/arsham/.m2/repository/org/springframework/cloud/spring-cloud-dataflow-server-core/1.1.0.RELEASE/spring-cloud-dataflow-server-core-1.1.0.RELEASE.jar:/home/arsham/.m2/repository/org/springframework/cloud/spring-cloud-dataflow-configuration-metadata/1.1.0.RELEASE/spring-cloud-dataflow-configuration-metadata-1.1.0.RELEASE.jar:/home/arsham/.m2/repository/org/springframework/boot/spring-boot-loader/2.1.2.RELEASE/spring-boot-loader-2.1.2.RELEASE.jar:/home/arsham/.m2/repository/org/springframework/boot/spring-boot-configuration-metadata/2.1.2.RELEASE/spring-boot-configuration-metadata-2.1.2.RELEASE.jar:/home/arsham/.m2/repository/com/vaadin/external/google/android-json/0.0.20131108.vaadin1/android-json-0.0.20131108.vaadin1.jar:/home/arsham/.m2/repository/org/springframework/cloud/spring-cloud-dataflow-completion/1.1.0.RELEASE/spring-cloud-dataflow-completion-1.1.0.RELEASE.jar:/home/arsham/.m2/repository/org/springframework/boot/spring-boot-starter-test/2.1.2.RELEASE/spring-boot-starter-test-2.1.2.RELEASE.jar:/home/arsham/.m2/repository/org/springframework/boot/spring-boot-test/2.1.2.RELEASE/spring-boot-test-2.1.2.RELEASE.jar:/home/arsham/.m2/repository/org/springframework/boot/spring-boot-test-autoconfigure/2.1.2.RELEASE/spring-boot-test-autoconfigure-2.1.2.RELEASE.jar:/home/arsham/.m2/repository/com/jayway/jsonpath/json-path/2.4.0/json-path-2.4.0.jar:/home/arsham/.m2/repository/net/minidev/json-smart/2.3/json-smart-2.3.jar:/home/arsham/.m2/repository/net/minidev/accessors-smart/1.2/accessors-smart-1.2.jar:/home/arsham/.m2/repository/org/ow2/asm/asm/5.0.4/asm-5.0.4.jar:/home/arsham/.m2/repository/junit/junit/4.12/junit-4.12.jar:/home/arsham/.m2/repository/org/assertj/assertj-core/3.11.1/assertj-core-3.11.1.jar:/home/arsham/.m2/repository/org/mockito/mockito-core/2.23.4/mockito-core-2.23.4.jar:/home/arsham/.m2/repository/net/bytebuddy/byte-buddy/1.9.7/byte-buddy-1.9.7.jar:/home/arsham/.m2/repository/net/bytebuddy/byte-buddy-agent/1.9.7/byte-buddy-agent-1.9.7.jar:/home/arsham/.m2/repository/org/objenesis/objenesis/2.1/objenesis-2.1.jar:/home/arsham/.m2/repository/org/hamcrest/hamcrest-core/1.3/hamcrest-core-1.3.jar:/home/arsham/.m2/repository/org/hamcrest/hamcrest-library/1.3/hamcrest-library-1.3.jar:/home/arsham/.m2/repository/org/skyscreamer/jsonassert/1.5.0/jsonassert-1.5.0.jar:/home/arsham/.m2/repository/org/springframework/spring-test/5.1.4.RELEASE/spring-test-5.1.4.RELEASE.jar:/home/arsham/.m2/repository/org/xmlunit/xmlunit-core/2.6.2/xmlunit-core-2.6.2.jar:/home/arsham/.m2/repository/org/springframework/cloud/spring-cloud-dataflow-core/1.1.0.RELEASE/spring-cloud-dataflow-core-1.1.0.RELEASE.jar:/home/arsham/.m2/repository/com/fasterxml/jackson/core/jackson-annotations/2.9.0/jackson-annotations-2.9.0.jar:/home/arsham/.m2/repository/org/springframework/cloud/spring-cloud-dataflow-rest-resource/1.1.0.RELEASE/spring-cloud-dataflow-rest-resource-1.1.0.RELEASE.jar:/home/arsham/.m2/repository/org/springframework/batch/spring-batch-core/4.1.1.RELEASE/spring-batch-core-4.1.1.RELEASE.jar:/home/arsham/.m2/repository/javax/batch/javax.batch-api/1.0/javax.batch-api-1.0.jar:/home/arsham/.m2/repository/org/codehaus/jettison/jettison/1.2/jettison-1.2.jar:/home/arsham/.m2/repository/com/fasterxml/jackson/core/jackson-databind/2.9.8/jackson-databind-2.9.8.jar:/home/arsham/.m2/repository/com/fasterxml/jackson/core/jackson-core/2.9.8/jackson-core-2.9.8.jar:/home/arsham/.m2/repository/org/springframework/cloud/spring-cloud-dataflow-registry/1.1.0.RELEASE/spring-cloud-dataflow-registry-1.1.0.RELEASE.jar:/home/arsham/.m2/repository/org/springframework/cloud/spring-cloud-deployer-resource-support/1.1.1.RELEASE/spring-cloud-deployer-resource-support-1.1.1.RELEASE.jar:/home/arsham/.m2/repository/org/springframework/boot/spring-boot-starter-web/2.1.2.RELEASE/spring-boot-starter-web-2.1.2.RELEASE.jar:/home/arsham/.m2/repository/org/springframework/boot/spring-boot-starter-json/2.1.2.RELEASE/spring-boot-starter-json-2.1.2.RELEASE.jar:/home/arsham/.m2/repository/com/fasterxml/jackson/datatype/jackson-datatype-jdk8/2.9.8/jackson-datatype-jdk8-2.9.8.jar:/home/arsham/.m2/repository/com/fasterxml/jackson/datatype/jackson-datatype-jsr310/2.9.8/jackson-datatype-jsr310-2.9.8.jar:/home/arsham/.m2/repository/com/fasterxml/jackson/module/jackson-module-parameter-names/2.9.8/jackson-module-parameter-names-2.9.8.jar:/home/arsham/.m2/repository/org/springframework/boot/spring-boot-starter-tomcat/2.1.2.RELEASE/spring-boot-starter-tomcat-2.1.2.RELEASE.jar:/home/arsham/.m2/repository/org/apache/tomcat/embed/tomcat-embed-core/9.0.14/tomcat-embed-core-9.0.14.jar:/home/arsham/.m2/repository/org/apache/tomcat/embed/tomcat-embed-el/9.0.14/tomcat-embed-el-9.0.14.jar:/home/arsham/.m2/repository/org/apache/tomcat/embed/tomcat-embed-websocket/9.0.14/tomcat-embed-websocket-9.0.14.jar:/home/arsham/.m2/repository/org/hibernate/validator/hibernate-validator/6.0.14.Final/hibernate-validator-6.0.14.Final.jar:/home/arsham/.m2/repository/javax/validation/validation-api/2.0.1.Final/validation-api-2.0.1.Final.jar:/home/arsham/.m2/repository/org/jboss/logging/jboss-logging/3.3.2.Final/jboss-logging-3.3.2.Final.jar:/home/arsham/.m2/repository/com/fasterxml/classmate/1.4.0/classmate-1.4.0.jar:/home/arsham/.m2/repository/org/springframework/spring-webmvc/5.1.4.RELEASE/spring-webmvc-5.1.4.RELEASE.jar:/home/arsham/.m2/repository/org/springframework/spring-expression/5.1.4.RELEASE/spring-expression-5.1.4.RELEASE.jar:/home/arsham/.m2/repository/org/springframework/boot/spring-boot-starter-data-redis/2.1.2.RELEASE/spring-boot-starter-data-redis-2.1.2.RELEASE.jar:/home/arsham/.m2/repository/org/springframework/data/spring-data-redis/2.1.4.RELEASE/spring-data-redis-2.1.4.RELEASE.jar:/home/arsham/.m2/repository/org/springframework/data/spring-data-keyvalue/2.1.4.RELEASE/spring-data-keyvalue-2.1.4.RELEASE.jar:/home/arsham/.m2/repository/org/springframework/spring-oxm/5.1.4.RELEASE/spring-oxm-5.1.4.RELEASE.jar:/home/arsham/.m2/repository/org/springframework/spring-context-support/5.1.4.RELEASE/spring-context-support-5.1.4.RELEASE.jar:/home/arsham/.m2/repository/io/lettuce/lettuce-core/5.1.3.RELEASE/lettuce-core-5.1.3.RELEASE.jar:/home/arsham/.m2/repository/io/projectreactor/reactor-core/3.2.5.RELEASE/reactor-core-3.2.5.RELEASE.jar:/home/arsham/.m2/repository/org/reactivestreams/reactive-streams/1.0.2/reactive-streams-1.0.2.jar:/home/arsham/.m2/repository/io/netty/netty-common/4.1.31.Final/netty-common-4.1.31.Final.jar:/home/arsham/.m2/repository/io/netty/netty-transport/4.1.31.Final/netty-transport-4.1.31.Final.jar:/home/arsham/.m2/repository/io/netty/netty-buffer/4.1.31.Final/netty-buffer-4.1.31.Final.jar:/home/arsham/.m2/repository/io/netty/netty-resolver/4.1.31.Final/netty-resolver-4.1.31.Final.jar:/home/arsham/.m2/repository/io/netty/netty-handler/4.1.31.Final/netty-handler-4.1.31.Final.jar:/home/arsham/.m2/repository/io/netty/netty-codec/4.1.31.Final/netty-codec-4.1.31.Final.jar:/home/arsham/.m2/repository/org/springframework/boot/spring-boot-starter-security/2.1.2.RELEASE/spring-boot-starter-security-2.1.2.RELEASE.jar:/home/arsham/.m2/repository/org/springframework/spring-aop/5.1.4.RELEASE/spring-aop-5.1.4.RELEASE.jar:/home/arsham/.m2/repository/org/springframework/security/spring-security-config/5.1.3.RELEASE/spring-security-config-5.1.3.RELEASE.jar:/home/arsham/.m2/repository/org/springframework/security/spring-security-web/5.1.3.RELEASE/spring-security-web-5.1.3.RELEASE.jar:/home/arsham/.m2/repository/org/springframework/security/oauth/spring-security-oauth2/2.0.11.RELEASE/spring-security-oauth2-2.0.11.RELEASE.jar:/home/arsham/.m2/repository/org/springframework/spring-context/5.1.4.RELEASE/spring-context-5.1.4.RELEASE.jar:/home/arsham/.m2/repository/org/springframework/security/spring-security-core/5.1.3.RELEASE/spring-security-core-5.1.3.RELEASE.jar:/home/arsham/.m2/repository/commons-codec/commons-codec/1.11/commons-codec-1.11.jar:/home/arsham/.m2/repository/org/codehaus/jackson/jackson-mapper-asl/1.9.13/jackson-mapper-asl-1.9.13.jar:/home/arsham/.m2/repository/org/codehaus/jackson/jackson-core-asl/1.9.13/jackson-core-asl-1.9.13.jar:/home/arsham/.m2/repository/org/springframework/security/spring-security-ldap/5.1.3.RELEASE/spring-security-ldap-5.1.3.RELEASE.jar:/home/arsham/.m2/repository/org/springframework/ldap/spring-ldap-core/2.3.2.RELEASE/spring-ldap-core-2.3.2.RELEASE.jar:/home/arsham/.m2/repository/org/springframework/spring-tx/5.1.4.RELEASE/spring-tx-5.1.4.RELEASE.jar:/home/arsham/.m2/repository/org/springframework/session/spring-session/1.2.2.RELEASE/spring-session-1.2.2.RELEASE.jar:/home/arsham/.m2/repository/commons-logging/commons-logging/1.2/commons-logging-1.2.jar:/home/arsham/.m2/repository/org/springframework/cloud/spring-cloud-dataflow-ui/1.1.0.RELEASE/spring-cloud-dataflow-ui-1.1.0.RELEASE.jar:/home/arsham/.m2/repository/org/springframework/boot/spring-boot-starter-actuator/2.1.2.RELEASE/spring-boot-starter-actuator-2.1.2.RELEASE.jar:/home/arsham/.m2/repository/org/springframework/boot/spring-boot-actuator-autoconfigure/2.1.2.RELEASE/spring-boot-actuator-autoconfigure-2.1.2.RELEASE.jar:/home/arsham/.m2/repository/org/springframework/boot/spring-boot-actuator/2.1.2.RELEASE/spring-boot-actuator-2.1.2.RELEASE.jar:/home/arsham/.m2/repository/io/micrometer/micrometer-core/1.1.2/micrometer-core-1.1.2.jar:/home/arsham/.m2/repository/org/hdrhistogram/HdrHistogram/2.1.9/HdrHistogram-2.1.9.jar:/home/arsham/.m2/repository/org/latencyutils/LatencyUtils/2.0.3/LatencyUtils-2.0.3.jar:/home/arsham/.m2/repository/org/springframework/boot/spring-boot-starter-logging/2.1.2.RELEASE/spring-boot-starter-logging-2.1.2.RELEASE.jar:/home/arsham/.m2/repository/ch/qos/logback/logback-classic/1.2.3/logback-classic-1.2.3.jar:/home/arsham/.m2/repository/ch/qos/logback/logback-core/1.2.3/logback-core-1.2.3.jar:/home/arsham/.m2/repository/org/apache/logging/log4j/log4j-to-slf4j/2.11.1/log4j-to-slf4j-2.11.1.jar:/home/arsham/.m2/repository/org/apache/logging/log4j/log4j-api/2.11.1/log4j-api-2.11.1.jar:/home/arsham/.m2/repository/org/slf4j/jul-to-slf4j/1.7.25/jul-to-slf4j-1.7.25.jar:/home/arsham/.m2/repository/org/springframework/hateoas/spring-hateoas/0.25.0.RELEASE/spring-hateoas-0.25.0.RELEASE.jar:/home/arsham/.m2/repository/org/slf4j/slf4j-api/1.7.25/slf4j-api-1.7.25.jar:/home/arsham/.m2/repository/org/springframework/data/spring-data-commons/2.1.4.RELEASE/spring-data-commons-2.1.4.RELEASE.jar:/home/arsham/.m2/repository/org/springframework/boot/spring-boot-starter-jdbc/2.1.2.RELEASE/spring-boot-starter-jdbc-2.1.2.RELEASE.jar:/home/arsham/.m2/repository/com/zaxxer/HikariCP/3.2.0/HikariCP-3.2.0.jar:/home/arsham/.m2/repository/org/springframework/spring-jdbc/5.1.4.RELEASE/spring-jdbc-5.1.4.RELEASE.jar:/home/arsham/.m2/repository/org/springframework/plugin/spring-plugin-core/1.2.0.RELEASE/spring-plugin-core-1.2.0.RELEASE.jar:/home/arsham/.m2/repository/org/springframework/analytics/spring-analytics/1.1.1.RELEASE/spring-analytics-1.1.1.RELEASE.jar:/home/arsham/.m2/repository/org/springframework/retry/spring-retry/1.2.3.RELEASE/spring-retry-1.2.3.RELEASE.jar:/home/arsham/.m2/repository/joda-time/joda-time/2.10.1/joda-time-2.10.1.jar:/home/arsham/.m2/repository/org/springframework/cloud/spring-cloud-task-core/1.0.3.RELEASE/spring-cloud-task-core-1.0.3.RELEASE.jar:/home/arsham/.m2/repository/org/springframework/batch/spring-batch-infrastructure/4.1.1.RELEASE/spring-batch-infrastructure-4.1.1.RELEASE.jar:/home/arsham/.m2/repository/com/h2database/h2/1.4.197/h2-1.4.197.jar:/home/arsham/.m2/repository/org/hsqldb/hsqldb/2.4.1/hsqldb-2.4.1.jar:/home/arsham/.m2/repository/org/mariadb/jdbc/mariadb-java-client/2.3.0/mariadb-java-client-2.3.0.jar:/home/arsham/.m2/repository/org/postgresql/postgresql/42.2.5/postgresql-42.2.5.jar:/home/arsham/.m2/repository/org/springframework/cloud/spring-cloud-starter-config/1.1.3.RELEASE/spring-cloud-starter-config-1.1.3.RELEASE.jar:/home/arsham/.m2/repository/org/springframework/cloud/spring-cloud-starter/1.1.3.RELEASE/spring-cloud-starter-1.1.3.RELEASE.jar:/home/arsham/.m2/repository/org/springframework/cloud/spring-cloud-context/1.1.3.RELEASE/spring-cloud-context-1.1.3.RELEASE.jar:/home/arsham/.m2/repository/org/springframework/security/spring-security-crypto/5.1.3.RELEASE/spring-security-crypto-5.1.3.RELEASE.jar:/home/arsham/.m2/repository/org/springframework/cloud/spring-cloud-commons/1.1.3.RELEASE/spring-cloud-commons-1.1.3.RELEASE.jar:/home/arsham/.m2/repository/org/springframework/security/spring-security-rsa/1.0.3.RELEASE/spring-security-rsa-1.0.3.RELEASE.jar:/home/arsham/.m2/repository/org/bouncycastle/bcpkix-jdk15on/1.55/bcpkix-jdk15on-1.55.jar:/home/arsham/.m2/repository/org/bouncycastle/bcprov-jdk15on/1.55/bcprov-jdk15on-1.55.jar:/home/arsham/.m2/repository/org/springframework/cloud/spring-cloud-config-client/1.1.3.RELEASE/spring-cloud-config-client-1.1.3.RELEASE.jar:/home/arsham/.m2/repository/org/springframework/batch/spring-batch-admin-manager/1.3.1.RELEASE/spring-batch-admin-manager-1.3.1.RELEASE.jar:/home/arsham/.m2/repository/org/aspectj/aspectjrt/1.9.2/aspectjrt-1.9.2.jar:/home/arsham/.m2/repository/org/aspectj/aspectjweaver/1.9.2/aspectjweaver-1.9.2.jar:/home/arsham/.m2/repository/org/springframework/batch/spring-batch-integration/4.1.1.RELEASE/spring-batch-integration-4.1.1.RELEASE.jar:/home/arsham/.m2/repository/org/springframework/spring-messaging/5.1.4.RELEASE/spring-messaging-5.1.4.RELEASE.jar:/home/arsham/.m2/repository/org/springframework/integration/spring-integration-core/5.1.2.RELEASE/spring-integration-core-5.1.2.RELEASE.jar:/home/arsham/.m2/repository/org/springframework/integration/spring-integration-jmx/5.1.2.RELEASE/spring-integration-jmx-5.1.2.RELEASE.jar:/home/arsham/.m2/repository/org/springframework/integration/spring-integration-http/5.1.2.RELEASE/spring-integration-http-5.1.2.RELEASE.jar:/home/arsham/.m2/repository/org/springframework/integration/spring-integration-file/5.1.2.RELEASE/spring-integration-file-5.1.2.RELEASE.jar:/home/arsham/.m2/repository/commons-dbcp/commons-dbcp/1.4/commons-dbcp-1.4.jar:/home/arsham/.m2/repository/commons-pool/commons-pool/1.6/commons-pool-1.6.jar:/home/arsham/.m2/repository/commons-io/commons-io/2.4/commons-io-2.4.jar:/home/arsham/.m2/repository/commons-lang/commons-lang/2.6/commons-lang-2.6.jar:/home/arsham/.m2/repository/commons-fileupload/commons-fileupload/1.3.1/commons-fileupload-1.3.1.jar:/home/arsham/.m2/repository/org/slf4j/jcl-over-slf4j/1.7.25/jcl-over-slf4j-1.7.25.jar:/home/arsham/.m2/repository/commons-collections/commons-collections/3.2.1/commons-collections-3.2.1.jar:/home/arsham/.m2/repository/org/freemarker/freemarker/2.3.28/freemarker-2.3.28.jar:/home/arsham/.m2/repository/org/springframework/batch/spring-batch-admin-resources/1.3.1.RELEASE/spring-batch-admin-resources-1.3.1.RELEASE.jar:"/>
    <property name="java.vm.vendor" value="Oracle Corporation"/>
    <property name="sun.arch.data.model" value="64"/>
    <property name="java.vendor.url" value="http://java.oracle.com/"/>
    <property name="user.timezone" value=""/>
    <property name="java.vm.specification.version" value="1.8"/>
    <property name="os.name" value="Linux"/>
    <property name="user.country" value="US"/>
    <property name="sun.java.launcher" value="SUN_STANDARD"/>
    <property name="sun.boot.library.path" value="/usr/lib/jvm/java-8-oracle/jre/lib/amd64"/>
    <property name="sun.java.command" value="/home/arsham/Desktop/dataflow/bealdung/tutorials-master/spring-cloud-data-flow/data-flow-server/target/surefire/surefirebooter6096331266633343758.jar /home/arsham/Desktop/dataflow/bealdung/tutorials-master/spring-cloud-data-flow/data-flow-server/target/surefire 2019-01-13T16-59-16_168-jvmRun1 surefire9223089789606871847tmp surefire_08860107501953573477tmp"/>
    <property name="surefire.test.class.path" value="/home/arsham/Desktop/dataflow/bealdung/tutorials-master/spring-cloud-data-flow/data-flow-server/target/test-classes:/home/arsham/Desktop/dataflow/bealdung/tutorials-master/spring-cloud-data-flow/data-flow-server/target/classes:/home/arsham/.m2/repository/org/springframework/cloud/spring-cloud-starter-dataflow-server-local/1.1.0.RELEASE/spring-cloud-starter-dataflow-server-local-1.1.0.RELEASE.jar:/home/arsham/.m2/repository/org/springframework/cloud/spring-cloud-deployer-local/1.1.1.RELEASE/spring-cloud-deployer-local-1.1.1.RELEASE.jar:/home/arsham/.m2/repository/org/springframework/cloud/spring-cloud-deployer-spi/1.1.1.RELEASE/spring-cloud-deployer-spi-1.1.1.RELEASE.jar:/home/arsham/.m2/repository/org/springframework/spring-core/5.1.4.RELEASE/spring-core-5.1.4.RELEASE.jar:/home/arsham/.m2/repository/org/springframework/spring-jcl/5.1.4.RELEASE/spring-jcl-5.1.4.RELEASE.jar:/home/arsham/.m2/repository/org/springframework/cloud/spring-cloud-deployer-resource-maven/1.1.1.RELEASE/spring-cloud-deployer-resource-maven-1.1.1.RELEASE.jar:/home/arsham/.m2/repository/org/eclipse/aether/aether-impl/1.0.2.v20150114/aether-impl-1.0.2.v20150114.jar:/home/arsham/.m2/repository/org/eclipse/aether/aether-api/1.0.2.v20150114/aether-api-1.0.2.v20150114.jar:/home/arsham/.m2/repository/org/eclipse/aether/aether-spi/1.0.2.v20150114/aether-spi-1.0.2.v20150114.jar:/home/arsham/.m2/repository/org/eclipse/aether/aether-util/1.0.2.v20150114/aether-util-1.0.2.v20150114.jar:/home/arsham/.m2/repository/org/eclipse/aether/aether-connector-basic/1.0.2.v20150114/aether-connector-basic-1.0.2.v20150114.jar:/home/arsham/.m2/repository/org/eclipse/aether/aether-transport-file/1.0.2.v20150114/aether-transport-file-1.0.2.v20150114.jar:/home/arsham/.m2/repository/org/eclipse/aether/aether-transport-http/1.0.2.v20150114/aether-transport-http-1.0.2.v20150114.jar:/home/arsham/.m2/repository/org/apache/httpcomponents/httpclient/4.5.6/httpclient-4.5.6.jar:/home/arsham/.m2/repository/org/apache/httpcomponents/httpcore/4.4.10/httpcore-4.4.10.jar:/home/arsham/.m2/repository/org/apache/maven/maven-aether-provider/3.1.0/maven-aether-provider-3.1.0.jar:/home/arsham/.m2/repository/org/apache/maven/maven-model/3.1.0/maven-model-3.1.0.jar:/home/arsham/.m2/repository/org/apache/maven/maven-model-builder/3.1.0/maven-model-builder-3.1.0.jar:/home/arsham/.m2/repository/org/codehaus/plexus/plexus-interpolation/1.16/plexus-interpolation-1.16.jar:/home/arsham/.m2/repository/org/apache/maven/maven-repository-metadata/3.1.0/maven-repository-metadata-3.1.0.jar:/home/arsham/.m2/repository/org/eclipse/sisu/org.eclipse.sisu.plexus/0.0.0.M2a/org.eclipse.sisu.plexus-0.0.0.M2a.jar:/home/arsham/.m2/repository/javax/enterprise/cdi-api/1.0/cdi-api-1.0.jar:/home/arsham/.m2/repository/javax/annotation/jsr250-api/1.0/jsr250-api-1.0.jar:/home/arsham/.m2/repository/javax/inject/javax.inject/1/javax.inject-1.jar:/home/arsham/.m2/repository/com/google/guava/guava/18.0/guava-18.0.jar:/home/arsham/.m2/repository/org/sonatype/sisu/sisu-guice/3.1.0/sisu-guice-3.1.0-no_aop.jar:/home/arsham/.m2/repository/aopalliance/aopalliance/1.0/aopalliance-1.0.jar:/home/arsham/.m2/repository/org/eclipse/sisu/org.eclipse.sisu.inject/0.0.0.M2a/org.eclipse.sisu.inject-0.0.0.M2a.jar:/home/arsham/.m2/repository/asm/asm/3.3.1/asm-3.3.1.jar:/home/arsham/.m2/repository/org/codehaus/plexus/plexus-classworlds/2.4/plexus-classworlds-2.4.jar:/home/arsham/.m2/repository/org/codehaus/plexus/plexus-component-annotations/1.5.5/plexus-component-annotations-1.5.5.jar:/home/arsham/.m2/repository/org/codehaus/plexus/plexus-utils/3.0.10/plexus-utils-3.0.10.jar:/home/arsham/.m2/repository/org/springframework/boot/spring-boot-starter/2.1.2.RELEASE/spring-boot-starter-2.1.2.RELEASE.jar:/home/arsham/.m2/repository/org/springframework/boot/spring-boot/2.1.2.RELEASE/spring-boot-2.1.2.RELEASE.jar:/home/arsham/.m2/repository/org/springframework/boot/spring-boot-autoconfigure/2.1.2.RELEASE/spring-boot-autoconfigure-2.1.2.RELEASE.jar:/home/arsham/.m2/repository/javax/annotation/javax.annotation-api/1.3.2/javax.annotation-api-1.3.2.jar:/home/arsham/.m2/repository/org/yaml/snakeyaml/1.23/snakeyaml-1.23.jar:/home/arsham/.m2/repository/org/springframework/spring-web/5.1.4.RELEASE/spring-web-5.1.4.RELEASE.jar:/home/arsham/.m2/repository/org/springframework/spring-beans/5.1.4.RELEASE/spring-beans-5.1.4.RELEASE.jar:/home/arsham/.m2/repository/org/springframework/cloud/spring-cloud-dataflow-server-core/1.1.0.RELEASE/spring-cloud-dataflow-server-core-1.1.0.RELEASE.jar:/home/arsham/.m2/repository/org/springframework/cloud/spring-cloud-dataflow-configuration-metadata/1.1.0.RELEASE/spring-cloud-dataflow-configuration-metadata-1.1.0.RELEASE.jar:/home/arsham/.m2/repository/org/springframework/boot/spring-boot-loader/2.1.2.RELEASE/spring-boot-loader-2.1.2.RELEASE.jar:/home/arsham/.m2/repository/org/springframework/boot/spring-boot-configuration-metadata/2.1.2.RELEASE/spring-boot-configuration-metadata-2.1.2.RELEASE.jar:/home/arsham/.m2/repository/com/vaadin/external/google/android-json/0.0.20131108.vaadin1/android-json-0.0.20131108.vaadin1.jar:/home/arsham/.m2/repository/org/springframework/cloud/spring-cloud-dataflow-completion/1.1.0.RELEASE/spring-cloud-dataflow-completion-1.1.0.RELEASE.jar:/home/arsham/.m2/repository/org/springframework/boot/spring-boot-starter-test/2.1.2.RELEASE/spring-boot-starter-test-2.1.2.RELEASE.jar:/home/arsham/.m2/repository/org/springframework/boot/spring-boot-test/2.1.2.RELEASE/spring-boot-test-2.1.2.RELEASE.jar:/home/arsham/.m2/repository/org/springframework/boot/spring-boot-test-autoconfigure/2.1.2.RELEASE/spring-boot-test-autoconfigure-2.1.2.RELEASE.jar:/home/arsham/.m2/repository/com/jayway/jsonpath/json-path/2.4.0/json-path-2.4.0.jar:/home/arsham/.m2/repository/net/minidev/json-smart/2.3/json-smart-2.3.jar:/home/arsham/.m2/repository/net/minidev/accessors-smart/1.2/accessors-smart-1.2.jar:/home/arsham/.m2/repository/org/ow2/asm/asm/5.0.4/asm-5.0.4.jar:/home/arsham/.m2/repository/junit/junit/4.12/junit-4.12.jar:/home/arsham/.m2/repository/org/assertj/assertj-core/3.11.1/assertj-core-3.11.1.jar:/home/arsham/.m2/repository/org/mockito/mockito-core/2.23.4/mockito-core-2.23.4.jar:/home/arsham/.m2/repository/net/bytebuddy/byte-buddy/1.9.7/byte-buddy-1.9.7.jar:/home/arsham/.m2/repository/net/bytebuddy/byte-buddy-agent/1.9.7/byte-buddy-agent-1.9.7.jar:/home/arsham/.m2/repository/org/objenesis/objenesis/2.1/objenesis-2.1.jar:/home/arsham/.m2/repository/org/hamcrest/hamcrest-core/1.3/hamcrest-core-1.3.jar:/home/arsham/.m2/repository/org/hamcrest/hamcrest-library/1.3/hamcrest-library-1.3.jar:/home/arsham/.m2/repository/org/skyscreamer/jsonassert/1.5.0/jsonassert-1.5.0.jar:/home/arsham/.m2/repository/org/springframework/spring-test/5.1.4.RELEASE/spring-test-5.1.4.RELEASE.jar:/home/arsham/.m2/repository/org/xmlunit/xmlunit-core/2.6.2/xmlunit-core-2.6.2.jar:/home/arsham/.m2/repository/org/springframework/cloud/spring-cloud-dataflow-core/1.1.0.RELEASE/spring-cloud-dataflow-core-1.1.0.RELEASE.jar:/home/arsham/.m2/repository/com/fasterxml/jackson/core/jackson-annotations/2.9.0/jackson-annotations-2.9.0.jar:/home/arsham/.m2/repository/org/springframework/cloud/spring-cloud-dataflow-rest-resource/1.1.0.RELEASE/spring-cloud-dataflow-rest-resource-1.1.0.RELEASE.jar:/home/arsham/.m2/repository/org/springframework/batch/spring-batch-core/4.1.1.RELEASE/spring-batch-core-4.1.1.RELEASE.jar:/home/arsham/.m2/repository/javax/batch/javax.batch-api/1.0/javax.batch-api-1.0.jar:/home/arsham/.m2/repository/org/codehaus/jettison/jettison/1.2/jettison-1.2.jar:/home/arsham/.m2/repository/com/fasterxml/jackson/core/jackson-databind/2.9.8/jackson-databind-2.9.8.jar:/home/arsham/.m2/repository/com/fasterxml/jackson/core/jackson-core/2.9.8/jackson-core-2.9.8.jar:/home/arsham/.m2/repository/org/springframework/cloud/spring-cloud-dataflow-registry/1.1.0.RELEASE/spring-cloud-dataflow-registry-1.1.0.RELEASE.jar:/home/arsham/.m2/repository/org/springframework/cloud/spring-cloud-deployer-resource-support/1.1.1.RELEASE/spring-cloud-deployer-resource-support-1.1.1.RELEASE.jar:/home/arsham/.m2/repository/org/springframework/boot/spring-boot-starter-web/2.1.2.RELEASE/spring-boot-starter-web-2.1.2.RELEASE.jar:/home/arsham/.m2/repository/org/springframework/boot/spring-boot-starter-json/2.1.2.RELEASE/spring-boot-starter-json-2.1.2.RELEASE.jar:/home/arsham/.m2/repository/com/fasterxml/jackson/datatype/jackson-datatype-jdk8/2.9.8/jackson-datatype-jdk8-2.9.8.jar:/home/arsham/.m2/repository/com/fasterxml/jackson/datatype/jackson-datatype-jsr310/2.9.8/jackson-datatype-jsr310-2.9.8.jar:/home/arsham/.m2/repository/com/fasterxml/jackson/module/jackson-module-parameter-names/2.9.8/jackson-module-parameter-names-2.9.8.jar:/home/arsham/.m2/repository/org/springframework/boot/spring-boot-starter-tomcat/2.1.2.RELEASE/spring-boot-starter-tomcat-2.1.2.RELEASE.jar:/home/arsham/.m2/repository/org/apache/tomcat/embed/tomcat-embed-core/9.0.14/tomcat-embed-core-9.0.14.jar:/home/arsham/.m2/repository/org/apache/tomcat/embed/tomcat-embed-el/9.0.14/tomcat-embed-el-9.0.14.jar:/home/arsham/.m2/repository/org/apache/tomcat/embed/tomcat-embed-websocket/9.0.14/tomcat-embed-websocket-9.0.14.jar:/home/arsham/.m2/repository/org/hibernate/validator/hibernate-validator/6.0.14.Final/hibernate-validator-6.0.14.Final.jar:/home/arsham/.m2/repository/javax/validation/validation-api/2.0.1.Final/validation-api-2.0.1.Final.jar:/home/arsham/.m2/repository/org/jboss/logging/jboss-logging/3.3.2.Final/jboss-logging-3.3.2.Final.jar:/home/arsham/.m2/repository/com/fasterxml/classmate/1.4.0/classmate-1.4.0.jar:/home/arsham/.m2/repository/org/springframework/spring-webmvc/5.1.4.RELEASE/spring-webmvc-5.1.4.RELEASE.jar:/home/arsham/.m2/repository/org/springframework/spring-expression/5.1.4.RELEASE/spring-expression-5.1.4.RELEASE.jar:/home/arsham/.m2/repository/org/springframework/boot/spring-boot-starter-data-redis/2.1.2.RELEASE/spring-boot-starter-data-redis-2.1.2.RELEASE.jar:/home/arsham/.m2/repository/org/springframework/data/spring-data-redis/2.1.4.RELEASE/spring-data-redis-2.1.4.RELEASE.jar:/home/arsham/.m2/repository/org/springframework/data/spring-data-keyvalue/2.1.4.RELEASE/spring-data-keyvalue-2.1.4.RELEASE.jar:/home/arsham/.m2/repository/org/springframework/spring-oxm/5.1.4.RELEASE/spring-oxm-5.1.4.RELEASE.jar:/home/arsham/.m2/repository/org/springframework/spring-context-support/5.1.4.RELEASE/spring-context-support-5.1.4.RELEASE.jar:/home/arsham/.m2/repository/io/lettuce/lettuce-core/5.1.3.RELEASE/lettuce-core-5.1.3.RELEASE.jar:/home/arsham/.m2/repository/io/projectreactor/reactor-core/3.2.5.RELEASE/reactor-core-3.2.5.RELEASE.jar:/home/arsham/.m2/repository/org/reactivestreams/reactive-streams/1.0.2/reactive-streams-1.0.2.jar:/home/arsham/.m2/repository/io/netty/netty-common/4.1.31.Final/netty-common-4.1.31.Final.jar:/home/arsham/.m2/repository/io/netty/netty-transport/4.1.31.Final/netty-transport-4.1.31.Final.jar:/home/arsham/.m2/repository/io/netty/netty-buffer/4.1.31.Final/netty-buffer-4.1.31.Final.jar:/home/arsham/.m2/repository/io/netty/netty-resolver/4.1.31.Final/netty-resolver-4.1.31.Final.jar:/home/arsham/.m2/repository/io/netty/netty-handler/4.1.31.Final/netty-handler-4.1.31.Final.jar:/home/arsham/.m2/repository/io/netty/netty-codec/4.1.31.Final/netty-codec-4.1.31.Final.jar:/home/arsham/.m2/repository/org/springframework/boot/spring-boot-starter-security/2.1.2.RELEASE/spring-boot-starter-security-2.1.2.RELEASE.jar:/home/arsham/.m2/repository/org/springframework/spring-aop/5.1.4.RELEASE/spring-aop-5.1.4.RELEASE.jar:/home/arsham/.m2/repository/org/springframework/security/spring-security-config/5.1.3.RELEASE/spring-security-config-5.1.3.RELEASE.jar:/home/arsham/.m2/repository/org/springframework/security/spring-security-web/5.1.3.RELEASE/spring-security-web-5.1.3.RELEASE.jar:/home/arsham/.m2/repository/org/springframework/security/oauth/spring-security-oauth2/2.0.11.RELEASE/spring-security-oauth2-2.0.11.RELEASE.jar:/home/arsham/.m2/repository/org/springframework/spring-context/5.1.4.RELEASE/spring-context-5.1.4.RELEASE.jar:/home/arsham/.m2/repository/org/springframework/security/spring-security-core/5.1.3.RELEASE/spring-security-core-5.1.3.RELEASE.jar:/home/arsham/.m2/repository/commons-codec/commons-codec/1.11/commons-codec-1.11.jar:/home/arsham/.m2/repository/org/codehaus/jackson/jackson-mapper-asl/1.9.13/jackson-mapper-asl-1.9.13.jar:/home/arsham/.m2/repository/org/codehaus/jackson/jackson-core-asl/1.9.13/jackson-core-asl-1.9.13.jar:/home/arsham/.m2/repository/org/springframework/security/spring-security-ldap/5.1.3.RELEASE/spring-security-ldap-5.1.3.RELEASE.jar:/home/arsham/.m2/repository/org/springframework/ldap/spring-ldap-core/2.3.2.RELEASE/spring-ldap-core-2.3.2.RELEASE.jar:/home/arsham/.m2/repository/org/springframework/spring-tx/5.1.4.RELEASE/spring-tx-5.1.4.RELEASE.jar:/home/arsham/.m2/repository/org/springframework/session/spring-session/1.2.2.RELEASE/spring-session-1.2.2.RELEASE.jar:/home/arsham/.m2/repository/commons-logging/commons-logging/1.2/commons-logging-1.2.jar:/home/arsham/.m2/repository/org/springframework/cloud/spring-cloud-dataflow-ui/1.1.0.RELEASE/spring-cloud-dataflow-ui-1.1.0.RELEASE.jar:/home/arsham/.m2/repository/org/springframework/boot/spring-boot-starter-actuator/2.1.2.RELEASE/spring-boot-starter-actuator-2.1.2.RELEASE.jar:/home/arsham/.m2/repository/org/springframework/boot/spring-boot-actuator-autoconfigure/2.1.2.RELEASE/spring-boot-actuator-autoconfigure-2.1.2.RELEASE.jar:/home/arsham/.m2/repository/org/springframework/boot/spring-boot-actuator/2.1.2.RELEASE/spring-boot-actuator-2.1.2.RELEASE.jar:/home/arsham/.m2/repository/io/micrometer/micrometer-core/1.1.2/micrometer-core-1.1.2.jar:/home/arsham/.m2/repository/org/hdrhistogram/HdrHistogram/2.1.9/HdrHistogram-2.1.9.jar:/home/arsham/.m2/repository/org/latencyutils/LatencyUtils/2.0.3/LatencyUtils-2.0.3.jar:/home/arsham/.m2/repository/org/springframework/boot/spring-boot-starter-logging/2.1.2.RELEASE/spring-boot-starter-logging-2.1.2.RELEASE.jar:/home/arsham/.m2/repository/ch/qos/logback/logback-classic/1.2.3/logback-classic-1.2.3.jar:/home/arsham/.m2/repository/ch/qos/logback/logback-core/1.2.3/logback-core-1.2.3.jar:/home/arsham/.m2/repository/org/apache/logging/log4j/log4j-to-slf4j/2.11.1/log4j-to-slf4j-2.11.1.jar:/home/arsham/.m2/repository/org/apache/logging/log4j/log4j-api/2.11.1/log4j-api-2.11.1.jar:/home/arsham/.m2/repository/org/slf4j/jul-to-slf4j/1.7.25/jul-to-slf4j-1.7.25.jar:/home/arsham/.m2/repository/org/springframework/hateoas/spring-hateoas/0.25.0.RELEASE/spring-hateoas-0.25.0.RELEASE.jar:/home/arsham/.m2/repository/org/slf4j/slf4j-api/1.7.25/slf4j-api-1.7.25.jar:/home/arsham/.m2/repository/org/springframework/data/spring-data-commons/2.1.4.RELEASE/spring-data-commons-2.1.4.RELEASE.jar:/home/arsham/.m2/repository/org/springframework/boot/spring-boot-starter-jdbc/2.1.2.RELEASE/spring-boot-starter-jdbc-2.1.2.RELEASE.jar:/home/arsham/.m2/repository/com/zaxxer/HikariCP/3.2.0/HikariCP-3.2.0.jar:/home/arsham/.m2/repository/org/springframework/spring-jdbc/5.1.4.RELEASE/spring-jdbc-5.1.4.RELEASE.jar:/home/arsham/.m2/repository/org/springframework/plugin/spring-plugin-core/1.2.0.RELEASE/spring-plugin-core-1.2.0.RELEASE.jar:/home/arsham/.m2/repository/org/springframework/analytics/spring-analytics/1.1.1.RELEASE/spring-analytics-1.1.1.RELEASE.jar:/home/arsham/.m2/repository/org/springframework/retry/spring-retry/1.2.3.RELEASE/spring-retry-1.2.3.RELEASE.jar:/home/arsham/.m2/repository/joda-time/joda-time/2.10.1/joda-time-2.10.1.jar:/home/arsham/.m2/repository/org/springframework/cloud/spring-cloud-task-core/1.0.3.RELEASE/spring-cloud-task-core-1.0.3.RELEASE.jar:/home/arsham/.m2/repository/org/springframework/batch/spring-batch-infrastructure/4.1.1.RELEASE/spring-batch-infrastructure-4.1.1.RELEASE.jar:/home/arsham/.m2/repository/com/h2database/h2/1.4.197/h2-1.4.197.jar:/home/arsham/.m2/repository/org/hsqldb/hsqldb/2.4.1/hsqldb-2.4.1.jar:/home/arsham/.m2/repository/org/mariadb/jdbc/mariadb-java-client/2.3.0/mariadb-java-client-2.3.0.jar:/home/arsham/.m2/repository/org/postgresql/postgresql/42.2.5/postgresql-42.2.5.jar:/home/arsham/.m2/repository/org/springframework/cloud/spring-cloud-starter-config/1.1.3.RELEASE/spring-cloud-starter-config-1.1.3.RELEASE.jar:/home/arsham/.m2/repository/org/springframework/cloud/spring-cloud-starter/1.1.3.RELEASE/spring-cloud-starter-1.1.3.RELEASE.jar:/home/arsham/.m2/repository/org/springframework/cloud/spring-cloud-context/1.1.3.RELEASE/spring-cloud-context-1.1.3.RELEASE.jar:/home/arsham/.m2/repository/org/springframework/security/spring-security-crypto/5.1.3.RELEASE/spring-security-crypto-5.1.3.RELEASE.jar:/home/arsham/.m2/repository/org/springframework/cloud/spring-cloud-commons/1.1.3.RELEASE/spring-cloud-commons-1.1.3.RELEASE.jar:/home/arsham/.m2/repository/org/springframework/security/spring-security-rsa/1.0.3.RELEASE/spring-security-rsa-1.0.3.RELEASE.jar:/home/arsham/.m2/repository/org/bouncycastle/bcpkix-jdk15on/1.55/bcpkix-jdk15on-1.55.jar:/home/arsham/.m2/repository/org/bouncycastle/bcprov-jdk15on/1.55/bcprov-jdk15on-1.55.jar:/home/arsham/.m2/repository/org/springframework/cloud/spring-cloud-config-client/1.1.3.RELEASE/spring-cloud-config-client-1.1.3.RELEASE.jar:/home/arsham/.m2/repository/org/springframework/batch/spring-batch-admin-manager/1.3.1.RELEASE/spring-batch-admin-manager-1.3.1.RELEASE.jar:/home/arsham/.m2/repository/org/aspectj/aspectjrt/1.9.2/aspectjrt-1.9.2.jar:/home/arsham/.m2/repository/org/aspectj/aspectjweaver/1.9.2/aspectjweaver-1.9.2.jar:/home/arsham/.m2/repository/org/springframework/batch/spring-batch-integration/4.1.1.RELEASE/spring-batch-integration-4.1.1.RELEASE.jar:/home/arsham/.m2/repository/org/springframework/spring-messaging/5.1.4.RELEASE/spring-messaging-5.1.4.RELEASE.jar:/home/arsham/.m2/repository/org/springframework/integration/spring-integration-core/5.1.2.RELEASE/spring-integration-core-5.1.2.RELEASE.jar:/home/arsham/.m2/repository/org/springframework/integration/spring-integration-jmx/5.1.2.RELEASE/spring-integration-jmx-5.1.2.RELEASE.jar:/home/arsham/.m2/repository/org/springframework/integration/spring-integration-http/5.1.2.RELEASE/spring-integration-http-5.1.2.RELEASE.jar:/home/arsham/.m2/repository/org/springframework/integration/spring-integration-file/5.1.2.RELEASE/spring-integration-file-5.1.2.RELEASE.jar:/home/arsham/.m2/repository/commons-dbcp/commons-dbcp/1.4/commons-dbcp-1.4.jar:/home/arsham/.m2/repository/commons-pool/commons-pool/1.6/commons-pool-1.6.jar:/home/arsham/.m2/repository/commons-io/commons-io/2.4/commons-io-2.4.jar:/home/arsham/.m2/repository/commons-lang/commons-lang/2.6/commons-lang-2.6.jar:/home/arsham/.m2/repository/commons-fileupload/commons-fileupload/1.3.1/commons-fileupload-1.3.1.jar:/home/arsham/.m2/repository/org/slf4j/jcl-over-slf4j/1.7.25/jcl-over-slf4j-1.7.25.jar:/home/arsham/.m2/repository/commons-collections/commons-collections/3.2.1/commons-collections-3.2.1.jar:/home/arsham/.m2/repository/org/freemarker/freemarker/2.3.28/freemarker-2.3.28.jar:/home/arsham/.m2/repository/org/springframework/batch/spring-batch-admin-resources/1.3.1.RELEASE/spring-batch-admin-resources-1.3.1.RELEASE.jar:"/>
    <property name="sun.cpu.endian" value="little"/>
    <property name="user.home" value="/home/arsham"/>
    <property name="user.language" value="en"/>
    <property name="java.specification.vendor" value="Oracle Corporation"/>
    <property name="java.home" value="/usr/lib/jvm/java-8-oracle/jre"/>
    <property name="basedir" value="/home/arsham/Desktop/dataflow/bealdung/tutorials-master/spring-cloud-data-flow/data-flow-server"/>
    <property name="file.separator" value="/"/>
    <property name="line.separator" value="&#10;"/>
    <property name="java.vm.specification.vendor" value="Oracle Corporation"/>
    <property name="java.specification.name" value="Java Platform API Specification"/>
    <property name="java.awt.graphicsenv" value="sun.awt.X11GraphicsEnvironment"/>
    <property name="surefire.real.class.path" value="/home/arsham/Desktop/dataflow/bealdung/tutorials-master/spring-cloud-data-flow/data-flow-server/target/surefire/surefirebooter6096331266633343758.jar"/>
    <property name="sun.boot.class.path" value="/usr/lib/jvm/java-8-oracle/jre/lib/resources.jar:/usr/lib/jvm/java-8-oracle/jre/lib/rt.jar:/usr/lib/jvm/java-8-oracle/jre/lib/sunrsasign.jar:/usr/lib/jvm/java-8-oracle/jre/lib/jsse.jar:/usr/lib/jvm/java-8-oracle/jre/lib/jce.jar:/usr/lib/jvm/java-8-oracle/jre/lib/charsets.jar:/usr/lib/jvm/java-8-oracle/jre/lib/jfr.jar:/usr/lib/jvm/java-8-oracle/jre/classes"/>
    <property name="sun.management.compiler" value="HotSpot 64-Bit Tiered Compilers"/>
    <property name="java.runtime.version" value="1.8.0_181-b13"/>
    <property name="user.name" value="arsham"/>
    <property name="path.separator" value=":"/>
    <property name="os.version" value="4.15.0-43-generic"/>
    <property name="java.endorsed.dirs" value="/usr/lib/jvm/java-8-oracle/jre/lib/endorsed"/>
    <property name="java.runtime.name" value="Java(TM) SE Runtime Environment"/>
    <property name="file.encoding" value="UTF-8"/>
    <property name="java.vm.name" value="Java HotSpot(TM) 64-Bit Server VM"/>
    <property name="localRepository" value="/home/arsham/.m2/repository"/>
    <property name="java.vendor.url.bug" value="http://bugreport.sun.com/bugreport/"/>
    <property name="java.io.tmpdir" value="/tmp"/>
    <property name="idea.version" value="2018.2.1"/>
    <property name="java.version" value="1.8.0_181"/>
    <property name="user.dir" value="/home/arsham/Desktop/dataflow/bealdung/tutorials-master/spring-cloud-data-flow/data-flow-server"/>
    <property name="os.arch" value="amd64"/>
    <property name="java.vm.specification.name" value="Java Virtual Machine Specification"/>
    <property name="java.awt.printerjob" value="sun.print.PSPrinterJob"/>
    <property name="sun.os.patch.level" value="unknown"/>
    <property name="java.library.path" value="/usr/java/packages/lib/amd64:/usr/lib64:/lib64:/lib:/usr/lib"/>
    <property name="java.vm.info" value="mixed mode"/>
    <property name="java.vendor" value="Oracle Corporation"/>
    <property name="java.vm.version" value="25.181-b13"/>
    <property name="java.ext.dirs" value="/usr/lib/jvm/java-8-oracle/jre/lib/ext:/usr/java/packages/lib/ext"/>
    <property name="sun.io.unicode.encoding" value="UnicodeLittle"/>
    <property name="java.class.version" value="52.0"/>
  </properties>
  <testcase name="whenSpringContextIsBootstrapped_thenNoExceptions" classname="org.baeldung.SpringContextIntegrationTest" time="0.006">
    <error message="org.springframework.boot.builder.SpringApplicationBuilder.&lt;init&gt;([Ljava/lang/Object;)V" type="java.lang.NoSuchMethodError"><![CDATA[java.lang.NoSuchMethodError: org.springframework.boot.builder.SpringApplicationBuilder.<init>([Ljava/lang/Object;)V
]]></error>
    <system-out><![CDATA[16:59:19.348 [main] INFO  o.s.b.t.c.SpringBootTestContextBootstrapper - Neither @ContextConfiguration nor @ContextHierarchy found for test class [org.baeldung.SpringContextIntegrationTest], using SpringBootContextLoader
16:59:19.353 [main] INFO  o.s.t.c.s.AbstractContextLoader - Could not detect default resource locations for test class [org.baeldung.SpringContextIntegrationTest]: no resource found for suffixes {-context.xml, Context.groovy}.
16:59:19.526 [main] INFO  o.s.b.t.c.SpringBootTestContextBootstrapper - Loaded default TestExecutionListener class names from location [META-INF/spring.factories]: [org.springframework.boot.test.mock.mockito.MockitoTestExecutionListener, org.springframework.boot.test.mock.mockito.ResetMocksTestExecutionListener, org.springframework.boot.test.autoconfigure.restdocs.RestDocsTestExecutionListener, org.springframework.boot.test.autoconfigure.web.client.MockRestServiceServerResetTestExecutionListener, org.springframework.boot.test.autoconfigure.web.servlet.MockMvcPrintOnlyOnFailureTestExecutionListener, org.springframework.boot.test.autoconfigure.web.servlet.WebDriverTestExecutionListener, org.springframework.test.context.web.ServletTestExecutionListener, org.springframework.test.context.support.DirtiesContextBeforeModesTestExecutionListener, org.springframework.test.context.support.DependencyInjectionTestExecutionListener, org.springframework.test.context.support.DirtiesContextTestExecutionListener, org.springframework.test.context.transaction.TransactionalTestExecutionListener, org.springframework.test.context.jdbc.SqlScriptsTestExecutionListener]
16:59:19.538 [main] INFO  o.s.b.t.c.SpringBootTestContextBootstrapper - Using TestExecutionListeners: [org.springframework.test.context.web.ServletTestExecutionListener@3a6bb9bf, org.springframework.test.context.support.DirtiesContextBeforeModesTestExecutionListener@34f7cfd9, org.springframework.boot.test.mock.mockito.MockitoTestExecutionListener@65f095f8, org.springframework.boot.test.autoconfigure.SpringBootDependencyInjectionTestExecutionListener@59af0466, org.springframework.test.context.support.DirtiesContextTestExecutionListener@3e6ef8ad, org.springframework.test.context.transaction.TransactionalTestExecutionListener@346d61be, org.springframework.test.context.jdbc.SqlScriptsTestExecutionListener@55536d9e, org.springframework.boot.test.mock.mockito.ResetMocksTestExecutionListener@747edf66, org.springframework.boot.test.autoconfigure.restdocs.RestDocsTestExecutionListener@3d1cfad4, org.springframework.boot.test.autoconfigure.web.client.MockRestServiceServerResetTestExecutionListener@62230c58, org.springframework.boot.test.autoconfigure.web.servlet.MockMvcPrintOnlyOnFailureTestExecutionListener@2cd2a21f, org.springframework.boot.test.autoconfigure.web.servlet.WebDriverTestExecutionListener@2e55dd0c]
16:59:19.647 [background-preinit] INFO  o.h.validator.internal.util.Version - HV000001: Hibernate Validator 6.0.14.Final
16:59:20.149 [main] ERROR o.s.boot.SpringApplication - Application run failed
java.lang.NoSuchMethodError: org.springframework.boot.builder.SpringApplicationBuilder.<init>([Ljava/lang/Object;)V
	at org.springframework.cloud.bootstrap.BootstrapApplicationListener.bootstrapServiceContext(BootstrapApplicationListener.java:120)
	at org.springframework.cloud.bootstrap.BootstrapApplicationListener.onApplicationEvent(BootstrapApplicationListener.java:84)
	at org.springframework.cloud.bootstrap.BootstrapApplicationListener.onApplicationEvent(BootstrapApplicationListener.java:62)
	at org.springframework.context.event.SimpleApplicationEventMulticaster.doInvokeListener(SimpleApplicationEventMulticaster.java:172)
	at org.springframework.context.event.SimpleApplicationEventMulticaster.invokeListener(SimpleApplicationEventMulticaster.java:165)
	at org.springframework.context.event.SimpleApplicationEventMulticaster.multicastEvent(SimpleApplicationEventMulticaster.java:139)
	at org.springframework.context.event.SimpleApplicationEventMulticaster.multicastEvent(SimpleApplicationEventMulticaster.java:127)
	at org.springframework.boot.context.event.EventPublishingRunListener.environmentPrepared(EventPublishingRunListener.java:75)
	at org.springframework.boot.SpringApplicationRunListeners.environmentPrepared(SpringApplicationRunListeners.java:54)
	at org.springframework.boot.SpringApplication.prepareEnvironment(SpringApplication.java:347)
	at org.springframework.boot.SpringApplication.run(SpringApplication.java:306)
	at org.springframework.boot.test.context.SpringBootContextLoader.loadContext(SpringBootContextLoader.java:127)
	at org.springframework.test.context.cache.DefaultCacheAwareContextLoaderDelegate.loadContextInternal(DefaultCacheAwareContextLoaderDelegate.java:99)
	at org.springframework.test.context.cache.DefaultCacheAwareContextLoaderDelegate.loadContext(DefaultCacheAwareContextLoaderDelegate.java:117)
	at org.springframework.test.context.support.DefaultTestContext.getApplicationContext(DefaultTestContext.java:108)
	at org.springframework.test.context.web.ServletTestExecutionListener.setUpRequestContextIfNecessary(ServletTestExecutionListener.java:190)
	at org.springframework.test.context.web.ServletTestExecutionListener.prepareTestInstance(ServletTestExecutionListener.java:132)
	at org.springframework.test.context.TestContextManager.prepareTestInstance(TestContextManager.java:246)
	at org.springframework.test.context.junit4.SpringJUnit4ClassRunner.createTest(SpringJUnit4ClassRunner.java:227)
	at org.springframework.test.context.junit4.SpringJUnit4ClassRunner$1.runReflectiveCall(SpringJUnit4ClassRunner.java:289)
	at org.junit.internal.runners.model.ReflectiveCallable.run(ReflectiveCallable.java:12)
	at org.springframework.test.context.junit4.SpringJUnit4ClassRunner.methodBlock(SpringJUnit4ClassRunner.java:291)
	at org.springframework.test.context.junit4.SpringJUnit4ClassRunner.runChild(SpringJUnit4ClassRunner.java:246)
	at org.springframework.test.context.junit4.SpringJUnit4ClassRunner.runChild(SpringJUnit4ClassRunner.java:97)
	at org.junit.runners.ParentRunner$3.run(ParentRunner.java:290)
	at org.junit.runners.ParentRunner$1.schedule(ParentRunner.java:71)
	at org.junit.runners.ParentRunner.runChildren(ParentRunner.java:288)
	at org.junit.runners.ParentRunner.access$000(ParentRunner.java:58)
	at org.junit.runners.ParentRunner$2.evaluate(ParentRunner.java:268)
	at org.springframework.test.context.junit4.statements.RunBeforeTestClassCallbacks.evaluate(RunBeforeTestClassCallbacks.java:61)
	at org.springframework.test.context.junit4.statements.RunAfterTestClassCallbacks.evaluate(RunAfterTestClassCallbacks.java:70)
	at org.junit.runners.ParentRunner.run(ParentRunner.java:363)
	at org.springframework.test.context.junit4.SpringJUnit4ClassRunner.run(SpringJUnit4ClassRunner.java:190)
	at org.apache.maven.surefire.junit4.JUnit4Provider.execute(JUnit4Provider.java:365)
	at org.apache.maven.surefire.junit4.JUnit4Provider.executeWithRerun(JUnit4Provider.java:273)
	at org.apache.maven.surefire.junit4.JUnit4Provider.executeTestSet(JUnit4Provider.java:238)
	at org.apache.maven.surefire.junit4.JUnit4Provider.invoke(JUnit4Provider.java:159)
	at org.apache.maven.surefire.booter.ForkedBooter.invokeProviderInSameClassLoader(ForkedBooter.java:384)
	at org.apache.maven.surefire.booter.ForkedBooter.runSuitesInProcess(ForkedBooter.java:345)
	at org.apache.maven.surefire.booter.ForkedBooter.execute(ForkedBooter.java:126)
	at org.apache.maven.surefire.booter.ForkedBooter.main(ForkedBooter.java:418)
16:59:20.151 [main] ERROR o.s.test.context.TestContextManager - Caught exception while allowing TestExecutionListener [org.springframework.test.context.web.ServletTestExecutionListener@3a6bb9bf] to prepare test instance [org.baeldung.SpringContextIntegrationTest@6d4d66d2]
java.lang.NoSuchMethodError: org.springframework.boot.builder.SpringApplicationBuilder.<init>([Ljava/lang/Object;)V
	at org.springframework.cloud.bootstrap.BootstrapApplicationListener.bootstrapServiceContext(BootstrapApplicationListener.java:120)
	at org.springframework.cloud.bootstrap.BootstrapApplicationListener.onApplicationEvent(BootstrapApplicationListener.java:84)
	at org.springframework.cloud.bootstrap.BootstrapApplicationListener.onApplicationEvent(BootstrapApplicationListener.java:62)
	at org.springframework.context.event.SimpleApplicationEventMulticaster.doInvokeListener(SimpleApplicationEventMulticaster.java:172)
	at org.springframework.context.event.SimpleApplicationEventMulticaster.invokeListener(SimpleApplicationEventMulticaster.java:165)
	at org.springframework.context.event.SimpleApplicationEventMulticaster.multicastEvent(SimpleApplicationEventMulticaster.java:139)
	at org.springframework.context.event.SimpleApplicationEventMulticaster.multicastEvent(SimpleApplicationEventMulticaster.java:127)
	at org.springframework.boot.context.event.EventPublishingRunListener.environmentPrepared(EventPublishingRunListener.java:75)
	at org.springframework.boot.SpringApplicationRunListeners.environmentPrepared(SpringApplicationRunListeners.java:54)
	at org.springframework.boot.SpringApplication.prepareEnvironment(SpringApplication.java:347)
	at org.springframework.boot.SpringApplication.run(SpringApplication.java:306)
	at org.springframework.boot.test.context.SpringBootContextLoader.loadContext(SpringBootContextLoader.java:127)
	at org.springframework.test.context.cache.DefaultCacheAwareContextLoaderDelegate.loadContextInternal(DefaultCacheAwareContextLoaderDelegate.java:99)
	at org.springframework.test.context.cache.DefaultCacheAwareContextLoaderDelegate.loadContext(DefaultCacheAwareContextLoaderDelegate.java:117)
	at org.springframework.test.context.support.DefaultTestContext.getApplicationContext(DefaultTestContext.java:108)
	at org.springframework.test.context.web.ServletTestExecutionListener.setUpRequestContextIfNecessary(ServletTestExecutionListener.java:190)
	at org.springframework.test.context.web.ServletTestExecutionListener.prepareTestInstance(ServletTestExecutionListener.java:132)
	at org.springframework.test.context.TestContextManager.prepareTestInstance(TestContextManager.java:246)
	at org.springframework.test.context.junit4.SpringJUnit4ClassRunner.createTest(SpringJUnit4ClassRunner.java:227)
	at org.springframework.test.context.junit4.SpringJUnit4ClassRunner$1.runReflectiveCall(SpringJUnit4ClassRunner.java:289)
	at org.junit.internal.runners.model.ReflectiveCallable.run(ReflectiveCallable.java:12)
	at org.springframework.test.context.junit4.SpringJUnit4ClassRunner.methodBlock(SpringJUnit4ClassRunner.java:291)
	at org.springframework.test.context.junit4.SpringJUnit4ClassRunner.runChild(SpringJUnit4ClassRunner.java:246)
	at org.springframework.test.context.junit4.SpringJUnit4ClassRunner.runChild(SpringJUnit4ClassRunner.java:97)
	at org.junit.runners.ParentRunner$3.run(ParentRunner.java:290)
	at org.junit.runners.ParentRunner$1.schedule(ParentRunner.java:71)
	at org.junit.runners.ParentRunner.runChildren(ParentRunner.java:288)
	at org.junit.runners.ParentRunner.access$000(ParentRunner.java:58)
	at org.junit.runners.ParentRunner$2.evaluate(ParentRunner.java:268)
	at org.springframework.test.context.junit4.statements.RunBeforeTestClassCallbacks.evaluate(RunBeforeTestClassCallbacks.java:61)
	at org.springframework.test.context.junit4.statements.RunAfterTestClassCallbacks.evaluate(RunAfterTestClassCallbacks.java:70)
	at org.junit.runners.ParentRunner.run(ParentRunner.java:363)
	at org.springframework.test.context.junit4.SpringJUnit4ClassRunner.run(SpringJUnit4ClassRunner.java:190)
	at org.apache.maven.surefire.junit4.JUnit4Provider.execute(JUnit4Provider.java:365)
	at org.apache.maven.surefire.junit4.JUnit4Provider.executeWithRerun(JUnit4Provider.java:273)
	at org.apache.maven.surefire.junit4.JUnit4Provider.executeTestSet(JUnit4Provider.java:238)
	at org.apache.maven.surefire.junit4.JUnit4Provider.invoke(JUnit4Provider.java:159)
	at org.apache.maven.surefire.booter.ForkedBooter.invokeProviderInSameClassLoader(ForkedBooter.java:384)
	at org.apache.maven.surefire.booter.ForkedBooter.runSuitesInProcess(ForkedBooter.java:345)
	at org.apache.maven.surefire.booter.ForkedBooter.execute(ForkedBooter.java:126)
	at org.apache.maven.surefire.booter.ForkedBooter.main(ForkedBooter.java:418)
]]></system-out>
  </testcase>
</testsuite>